<?xml version="1.0" encoding="UTF-8"?>
<testsuite xmlns:xsi="http://www.w3.org/2001/XMLSchema-instance" xsi:noNamespaceSchemaLocation="https://maven.apache.org/surefire/maven-surefire-plugin/xsd/surefire-test-report-3.0.xsd" version="3.0" name="BookStoreTest" time="0.254" tests="6" errors="0" skipped="0" failures="0">
  <properties>
[...]
</properties>
  <testcase name="testAddanExistingBook" classname="BookStoreTest" time="0.08">
    <system-out><![CDATA[add(shakespere)
add(shakespere)
]]></system-out>
    <system-err><![CDATA[Book: shakespereof ISBN: 1000 Already Exists!
]]></system-err>
  </testcase>
  <testcase name="testRemoveFromInventory" classname="BookStoreTest" time="0.005">
    <system-out><![CDATA[add(shakespere)
remove(book: 1000)
Removed book of ISBN: 1000
]]></system-out>
  </testcase>
  <testcase name="testRemoveUnExistingBook" classname="BookStoreTest" time="0.008">
    <system-out><![CDATA[remove(book: 2100)
]]></system-out>
    <system-err><![CDATA[Book with ISBN '2100' not found in Inventory!
]]></system-err>
  </testcase>
  <testcase name="testAddtoInventory" classname="BookStoreTest" time="0.009">
    <system-out><![CDATA[add(shakespere)
]]></system-out>
  </testcase>
  <testcase name="testBuyNormalScenario" classname="BookStoreTest" time="0.061">
    <system-out><![CDATA[add(shakespere)
Shipping shakespere of weight 1.0
-----------------------------------------------------
 Paid Amount: 2500.0
]]></system-out>
  </testcase>
  <testcase name="testBuyWithUnsuffQty" classname="BookStoreTest" time="0.004">
    <system-out><![CDATA[add(shakespere)
]]></system-out>
  </testcase>
</testsuite>